{"fullName": "test_script.test_allure.Test_allure#test_001", "labels": [{"name": "subSuite", "value": "Test_allure"}, {"name": "suite", "value": "test_allure"}, {"name": "parentSuite", "value": "test_script"}, {"name": "host", "value": "wjf-computer"}, {"name": "thread", "value": "7572-MainThread"}, {"name": "framework", "value": "pytest"}, {"name": "language", "value": "cpython3"}, {"name": "package", "value": "test_script.test_allure"}], "status": "failed", "uuid": "f91b9ad9-55e7-405c-9c50-1e382914e85d", "statusDetails": {"message": "AssertionError: assert 'xiaoli' == 'xiao'\n  - xiao\n  + xiaoli\n  ?     ++", "trace": "self = <test_script.test_allure.Test_allure object at 0x03C25CF0>, test_name = 'test_003', name = 'xiaoli', exp_value = 'xiao'\n\n    @pytest.mark.parametrize('test_name, name, exp_value', ini_data('test_data', ['name', 'exp_value']))\n    def test_001(self, test_name, name, exp_value):\n        print('这里是：%s' % test_name)\n>       assert name == exp_value\nE       AssertionError: assert 'xiaoli' == 'xiao'\nE         - xiao\nE         + xiaoli\nE         ?     ++\n\ntest_script\\test_allure.py:12: AssertionError"}, "parameters": [{"name": "name", "value": "'xiaoli'"}, {"name": "exp_value", "value": "'xiao'"}, {"name": "test_name", "value": "'test_003'"}], "start": 1617761096344, "name": "test_001[test_003-xiaoli-xiao]", "stop": 1617761096376, "historyId": "36dc38ab330ae2cec91e8bd70f3bc554", "testCaseId": "3b11c227d350aff2b7cfe1d3b4f98bec"}