{"testCaseId": "3b11c227d350aff2b7cfe1d3b4f98bec", "historyId": "36dc38ab330ae2cec91e8bd70f3bc554", "fullName": "test_script.test_allure.Test_allure#test_001", "parameters": [{"name": "exp_value", "value": "'xiao'"}, {"name": "name", "value": "'xiaoli'"}, {"name": "test_name", "value": "'test_003'"}], "uuid": "9ae681db-4b03-40af-99a3-9d316eb7f9d0", "stop": 1617772761791, "status": "failed", "name": "test_001[test_003-xiaoli-xiao]", "start": 1617772761791, "steps": [{"status": "failed", "name": "这里是标题", "parameters": [{"name": "test_name", "value": "'test_003'"}, {"name": "name", "value": "'xiaoli'"}, {"name": "exp_value", "value": "'xiao'"}], "start": 1617772761791, "stop": 1617772761791, "statusDetails": {"trace": "  File \"D:\\Program Files (x86)\\python35\\lib\\site-packages\\allure_commons\\_allure.py\", line 172, in impl\n    return func(*a, **kw)\n  File \"D:\\Users\\asus-pc\\PycharmProjects\\test_allure\\test_script\\test_allure.py\", line 11, in test_001\n    assert name == exp_value\n", "message": "AssertionError: assert 'xiaoli' == 'xiao'\n  - xiao\n  + xiaoli\n  ?     ++\n"}}], "labels": [{"name": "severity", "value": "blocker"}, {"name": "suite", "value": "test_allure"}, {"name": "parentSuite", "value": "test_script"}, {"name": "subSuite", "value": "Test_allure"}, {"name": "host", "value": "wjf-computer"}, {"name": "thread", "value": "6948-MainThread"}, {"name": "framework", "value": "pytest"}, {"name": "language", "value": "cpython3"}, {"name": "package", "value": "test_script.test_allure"}], "statusDetails": {"trace": "self = <test_script.test_allure.Test_allure object at 0x044630D0>, test_name = 'test_003', name = 'xiaoli', exp_value = 'xiao'\n\n    @pytest.mark.parametrize('test_name, name, exp_value', ini_data('test_data', ['name', 'exp_value']))\n    @allure.severity(allure.severity_level.BLOCKER)\n    @allure.step('这里是标题')\n    def test_001(self, test_name, name, exp_value):\n>       assert name == exp_value\nE       AssertionError: assert 'xiaoli' == 'xiao'\nE         - xiao\nE         + xiaoli\nE         ?     ++\n\ntest_script\\test_allure.py:11: AssertionError", "message": "AssertionError: assert 'xiaoli' == 'xiao'\n  - xiao\n  + xiaoli\n  ?     ++"}}